Settings:
  Output files: "hg19female.*.bt2"
  Line rate: 6 (line is 64 bytes)
  Lines per side: 1 (side is 64 bytes)
  Offset rate: 4 (one in 16)
  FTable chars: 10
  Strings: unpacked
  Max bucket size: default
  Max bucket size, sqrt multiplier: default
  Max bucket size, len divisor: 4
  Difference-cover sample period: 1024
  Endianness: little
  Actual local endianness: little
  Sanity checking: disabled
  Assertions: disabled
  Random seed: 0
  Sizeofs: void*:8, int:4, long:8, size_t:8
Input files DNA, FASTA:
  /srv/gsfs0/projects/kundaje/users/akundaje/projects/encode/data/byDataType/sequence/encodeHg19Female/chr10.fa
  /srv/gsfs0/projects/kundaje/users/akundaje/projects/encode/data/byDataType/sequence/encodeHg19Female/chr11.fa
  /srv/gsfs0/projects/kundaje/users/akundaje/projects/encode/data/byDataType/sequence/encodeHg19Female/chr12.fa
  /srv/gsfs0/projects/kundaje/users/akundaje/projects/encode/data/byDataType/sequence/encodeHg19Female/chr13.fa
  /srv/gsfs0/projects/kundaje/users/akundaje/projects/encode/data/byDataType/sequence/encodeHg19Female/chr14.fa
  /srv/gsfs0/projects/kundaje/users/akundaje/projects/encode/data/byDataType/sequence/encodeHg19Female/chr15.fa
  /srv/gsfs0/projects/kundaje/users/akundaje/projects/encode/data/byDataType/sequence/encodeHg19Female/chr16.fa
  /srv/gsfs0/projects/kundaje/users/akundaje/projects/encode/data/byDataType/sequence/encodeHg19Female/chr17.fa
  /srv/gsfs0/projects/kundaje/users/akundaje/projects/encode/data/byDataType/sequence/encodeHg19Female/chr18.fa
  /srv/gsfs0/projects/kundaje/users/akundaje/projects/encode/data/byDataType/sequence/encodeHg19Female/chr19.fa
  /srv/gsfs0/projects/kundaje/users/akundaje/projects/encode/data/byDataType/sequence/encodeHg19Female/chr1.fa
  /srv/gsfs0/projects/kundaje/users/akundaje/projects/encode/data/byDataType/sequence/encodeHg19Female/chr20.fa
  /srv/gsfs0/projects/kundaje/users/akundaje/projects/encode/data/byDataType/sequence/encodeHg19Female/chr21.fa
  /srv/gsfs0/projects/kundaje/users/akundaje/projects/encode/data/byDataType/sequence/encodeHg19Female/chr22.fa
  /srv/gsfs0/projects/kundaje/users/akundaje/projects/encode/data/byDataType/sequence/encodeHg19Female/chr2.fa
  /srv/gsfs0/projects/kundaje/users/akundaje/projects/encode/data/byDataType/sequence/encodeHg19Female/chr3.fa
  /srv/gsfs0/projects/kundaje/users/akundaje/projects/encode/data/byDataType/sequence/encodeHg19Female/chr4.fa
  /srv/gsfs0/projects/kundaje/users/akundaje/projects/encode/data/byDataType/sequence/encodeHg19Female/chr5.fa
  /srv/gsfs0/projects/kundaje/users/akundaje/projects/encode/data/byDataType/sequence/encodeHg19Female/chr6.fa
  /srv/gsfs0/projects/kundaje/users/akundaje/projects/encode/data/byDataType/sequence/encodeHg19Female/chr7.fa
  /srv/gsfs0/projects/kundaje/users/akundaje/projects/encode/data/byDataType/sequence/encodeHg19Female/chr8.fa
  /srv/gsfs0/projects/kundaje/users/akundaje/projects/encode/data/byDataType/sequence/encodeHg19Female/chr9.fa
  /srv/gsfs0/projects/kundaje/users/akundaje/projects/encode/data/byDataType/sequence/encodeHg19Female/chrM.fa
  /srv/gsfs0/projects/kundaje/users/akundaje/projects/encode/data/byDataType/sequence/encodeHg19Female/chrX.fa
Reading reference sizes
  Time reading reference sizes: 00:00:36
Calculating joined length
Writing header
Reserving space for joined string
Joining reference sequences
  Time to join reference sequences: 00:00:29
bmax according to bmaxDivN setting: 708922534
Using parameters --bmax 531691901 --dcv 1024
  Doing ahead-of-time memory usage test
  Passed!  Constructing with these parameters: --bmax 531691901 --dcv 1024
Constructing suffix-array element generator
Building DifferenceCoverSample
  Building sPrime
  Building sPrimeOrder
  V-Sorting samples
  V-Sorting samples time: 00:01:31
  Allocating rank array
  Ranking v-sort output
  Ranking v-sort output time: 00:00:23
  Invoking Larsson-Sadakane on ranks
  Invoking Larsson-Sadakane on ranks time: 00:00:45
  Sanity-checking and returning
Building samples
Reserving space for 12 sample suffixes
Generating random suffixes
QSorting 12 sample offsets, eliminating duplicates
QSorting sample offsets, eliminating duplicates time: 00:00:00
Multikey QSorting 12 samples
  (Using difference cover)
  Multikey QSorting samples time: 00:00:00
Calculating bucket sizes
  Binary sorting into buckets
  10%
  20%
  30%
  40%
  50%
  60%
  70%
  80%
  90%
  100%
  Binary sorting into buckets time: 00:02:06
Splitting and merging
  Splitting and merging time: 00:00:00
Split 2, merged 5; iterating...
  Binary sorting into buckets
  10%
  20%
  30%
  40%
  50%
  60%
  70%
  80%
  90%
  100%
  Binary sorting into buckets time: 00:02:01
Splitting and merging
  Splitting and merging time: 00:00:00
Avg bucket size: 3.54461e+08 (target: 531691900)
Converting suffix-array elements to index image
Allocating ftab, absorbFtab
Entering Ebwt loop
Getting block 1 of 8
  Reserving size (531691901) for bucket
  Calculating Z arrays
  Calculating Z arrays time: 00:00:00
  Entering block accumulator loop:
  10%
  20%
  30%
  40%
  50%
  60%
  70%
  80%
  90%
  100%
  Block accumulator loop time: 00:00:40
  Sorting block of length 470136745
  (Using difference cover)
  Sorting block time: 00:06:18
Returning block of 470136746
Getting block 2 of 8
  Reserving size (531691901) for bucket
  Calculating Z arrays
  Calculating Z arrays time: 00:00:00
  Entering block accumulator loop:
  10%
  20%
  30%
  40%
  50%
  60%
  70%
  80%
  90%
  100%
  Block accumulator loop time: 00:00:43
  Sorting block of length 289364287
  (Using difference cover)
  Sorting block time: 00:03:47
Returning block of 289364288
Getting block 3 of 8
  Reserving size (531691901) for bucket
  Calculating Z arrays
  Calculating Z arrays time: 00:00:00
  Entering block accumulator loop:
  10%
  20%
  30%
  40%
  50%
  60%
  70%
  80%
  90%
  100%
  Block accumulator loop time: 00:00:50
  Sorting block of length 512437137
  (Using difference cover)
  Sorting block time: 00:07:18
Returning block of 512437138
Getting block 4 of 8
  Reserving size (531691901) for bucket
  Calculating Z arrays
  Calculating Z arrays time: 00:00:00
  Entering block accumulator loop:
  10%
  20%
  30%
  40%
  50%
  60%
  70%
  80%
  90%
  100%
  Block accumulator loop time: 00:00:55
  Sorting block of length 291990085
  (Using difference cover)
  Sorting block time: 00:03:56
Returning block of 291990086
Getting block 5 of 8
  Reserving size (531691901) for bucket
  Calculating Z arrays
  Calculating Z arrays time: 00:00:00
  Entering block accumulator loop:
  10%
  20%
  30%
  40%
  50%
  60%
  70%
  80%
  90%
  100%
  Block accumulator loop time: 00:00:50
  Sorting block of length 256927280
  (Using difference cover)
  Sorting block time: 00:03:29
Returning block of 256927281
Getting block 6 of 8
  Reserving size (531691901) for bucket
  Calculating Z arrays
  Calculating Z arrays time: 00:00:00
  Entering block accumulator loop:
  10%
  20%
  30%
  40%
  50%
  60%
  70%
  80%
  90%
  100%
  Block accumulator loop time: 00:00:54
  Sorting block of length 301525746
  (Using difference cover)
  Sorting block time: 00:04:04
Returning block of 301525747
Getting block 7 of 8
  Reserving size (531691901) for bucket
  Calculating Z arrays
  Calculating Z arrays time: 00:00:00
  Entering block accumulator loop:
  10%
  20%
  30%
  40%
  50%
  60%
  70%
  80%
  90%
  100%
  Block accumulator loop time: 00:00:52
  Sorting block of length 378146135
  (Using difference cover)
  Sorting block time: 00:05:14
Returning block of 378146136
Getting block 8 of 8
  Reserving size (531691901) for bucket
  Calculating Z arrays
  Calculating Z arrays time: 00:00:00
  Entering block accumulator loop:
  10%
  20%
  30%
  40%
  50%
  60%
  70%
  80%
  90%
  100%
  Block accumulator loop time: 00:00:37
  Sorting block of length 335162714
  (Using difference cover)
  Sorting block time: 00:04:34
Returning block of 335162715
Exited Ebwt loop
fchr[A]: 0
fchr[C]: 837200420
fchr[G]: 1417119193
fchr[T]: 1997326341
fchr[$]: 2835690136
Exiting Ebwt::buildToDisk()
Returning from initFromVector
Wrote 949428646 bytes to primary EBWT file: hg19female.1.bt2
Wrote 708922540 bytes to secondary EBWT file: hg19female.2.bt2
Re-opening _in1 and _in2 as input streams
Returning from Ebwt constructor
Headers:
    len: 2835690136
    bwtLen: 2835690137
    sz: 708922534
    bwtSz: 708922535
    lineRate: 6
    offRate: 4
    offMask: 0xfffffff0
    ftabChars: 10
    eftabLen: 20
    eftabSz: 80
    ftabLen: 1048577
    ftabSz: 4194308
    offsLen: 177230634
    offsSz: 708922536
    lineSz: 64
    sideSz: 64
    sideBwtSz: 48
    sideBwtLen: 192
    numSides: 14769220
    numLines: 14769220
    ebwtTotLen: 945230080
    ebwtTotSz: 945230080
    color: 0
    reverse: 0
Total time for call to driver() for forward index: 01:02:21
Reading reference sizes
  Time reading reference sizes: 00:00:29
Calculating joined length
Writing header
Reserving space for joined string
Joining reference sequences
  Time to join reference sequences: 00:00:26
  Time to reverse reference sequence: 00:00:03
bmax according to bmaxDivN setting: 708922534
Using parameters --bmax 531691901 --dcv 1024
  Doing ahead-of-time memory usage test
  Passed!  Constructing with these parameters: --bmax 531691901 --dcv 1024
Constructing suffix-array element generator
Building DifferenceCoverSample
  Building sPrime
  Building sPrimeOrder
  V-Sorting samples
  V-Sorting samples time: 00:01:25
  Allocating rank array
  Ranking v-sort output
  Ranking v-sort output time: 00:00:22
  Invoking Larsson-Sadakane on ranks
  Invoking Larsson-Sadakane on ranks time: 00:00:44
  Sanity-checking and returning
Building samples
Reserving space for 12 sample suffixes
Generating random suffixes
QSorting 12 sample offsets, eliminating duplicates
QSorting sample offsets, eliminating duplicates time: 00:00:00
Multikey QSorting 12 samples
  (Using difference cover)
  Multikey QSorting samples time: 00:00:00
Calculating bucket sizes
  Binary sorting into buckets
  10%
  20%
  30%
  40%
  50%
  60%
  70%
  80%
  90%
  100%
  Binary sorting into buckets time: 00:02:08
Splitting and merging
  Splitting and merging time: 00:00:00
Split 2, merged 7; iterating...
  Binary sorting into buckets
  10%
  20%
  30%
  40%
  50%
  60%
  70%
  80%
  90%
  100%
  Binary sorting into buckets time: 00:01:51
Splitting and merging
  Splitting and merging time: 00:00:00
Avg bucket size: 3.54461e+08 (target: 531691900)
Converting suffix-array elements to index image
Allocating ftab, absorbFtab
Entering Ebwt loop
Getting block 1 of 8
  Reserving size (531691901) for bucket
  Calculating Z arrays
  Calculating Z arrays time: 00:00:00
  Entering block accumulator loop:
  10%
  20%
  30%
  40%
  50%
  60%
  70%
  80%
  90%
  100%
  Block accumulator loop time: 00:00:37
  Sorting block of length 305698341
  (Using difference cover)
  Sorting block time: 00:04:06
Returning block of 305698342
Getting block 2 of 8
  Reserving size (531691901) for bucket
  Calculating Z arrays
  Calculating Z arrays time: 00:00:00
  Entering block accumulator loop:
  10%
  20%
  30%
  40%
  50%
  60%
  70%
  80%
  90%
  100%
  Block accumulator loop time: 00:00:43
  Sorting block of length 417609707
  (Using difference cover)
  Sorting block time: 00:04:35
Returning block of 417609708
Getting block 3 of 8
  Reserving size (531691901) for bucket
  Calculating Z arrays
  Calculating Z arrays time: 00:00:00
  Entering block accumulator loop:
  10%
  20%
  30%
  40%
  50%
  60%
  70%
  80%
  90%
  100%
  Block accumulator loop time: 00:00:47
  Sorting block of length 314505466
  (Using difference cover)
  Sorting block time: 00:03:36
Returning block of 314505467
Getting block 4 of 8
  Reserving size (531691901) for bucket
  Calculating Z arrays
  Calculating Z arrays time: 00:00:00
  Entering block accumulator loop:
  10%
  20%
  30%
  40%
  50%
  60%
  70%
  80%
  90%
  100%
  Block accumulator loop time: 00:00:47
  Sorting block of length 235175006
  (Using difference cover)
  Sorting block time: 00:02:33
Returning block of 235175007
Getting block 5 of 8
  Reserving size (531691901) for bucket
  Calculating Z arrays
  Calculating Z arrays time: 00:00:00
  Entering block accumulator loop:
  10%
  20%
  30%
  40%
  50%
  60%
  70%
  80%
  90%
  100%
  Block accumulator loop time: 00:00:56
  Sorting block of length 431047089
  (Using difference cover)
  Sorting block time: 00:04:59
Returning block of 431047090
Getting block 6 of 8
  Reserving size (531691901) for bucket
  Calculating Z arrays
  Calculating Z arrays time: 00:00:00
  Entering block accumulator loop:
  10%
  20%
  30%
  40%
  50%
  60%
  70%
  80%
  90%
  100%
  Block accumulator loop time: 00:00:55
  Sorting block of length 513162467
  (Using difference cover)
  Sorting block time: 00:06:06
Returning block of 513162468
Getting block 7 of 8
  Reserving size (531691901) for bucket
  Calculating Z arrays
  Calculating Z arrays time: 00:00:00
  Entering block accumulator loop:
  10%
  20%
  30%
  40%
  50%
  60%
  70%
  80%
  90%
  100%
  Block accumulator loop time: 00:00:50
  Sorting block of length 160231781
  (Using difference cover)
  Sorting block time: 00:01:47
Returning block of 160231782
Getting block 8 of 8
  Reserving size (531691901) for bucket
  Calculating Z arrays
  Calculating Z arrays time: 00:00:00
  Entering block accumulator loop:
  10%
  20%
  30%
  40%
  50%
  60%
  70%
  80%
  90%
  100%
  Block accumulator loop time: 00:00:38
  Sorting block of length 458260272
  (Using difference cover)
  Sorting block time: 00:05:50
Returning block of 458260273
Exited Ebwt loop
fchr[A]: 0
fchr[C]: 837200420
fchr[G]: 1417119193
fchr[T]: 1997326341
fchr[$]: 2835690136
Exiting Ebwt::buildToDisk()
Returning from initFromVector
Wrote 949428646 bytes to primary EBWT file: hg19female.rev.1.bt2
Wrote 708922540 bytes to secondary EBWT file: hg19female.rev.2.bt2
Re-opening _in1 and _in2 as input streams
Returning from Ebwt constructor
Headers:
    len: 2835690136
    bwtLen: 2835690137
    sz: 708922534
    bwtSz: 708922535
    lineRate: 6
    offRate: 4
    offMask: 0xfffffff0
    ftabChars: 10
    eftabLen: 20
    eftabSz: 80
    ftabLen: 1048577
    ftabSz: 4194308
    offsLen: 177230634
    offsSz: 708922536
    lineSz: 64
    sideSz: 64
    sideBwtSz: 48
    sideBwtLen: 192
    numSides: 14769220
    numLines: 14769220
    ebwtTotLen: 945230080
    ebwtTotSz: 945230080
    color: 0
    reverse: 1
Total time for backward call to driver() for mirror index: 00:54:46
